<?xml version="1.0" encoding="UTF-8"?>
<testng-results skipped="0" failed="0" total="1" passed="1">
  <reporter-output>
  </reporter-output>
  <suite name="MavenProject" duration-ms="29514" started-at="2019-03-26T09:16:36Z" finished-at="2019-03-26T09:17:06Z">
    <groups>
    </groups>
    <test name="NewTest" duration-ms="29514" started-at="2019-03-26T09:16:36Z" finished-at="2019-03-26T09:17:06Z">
      <class name="MavenProject.MavenProject.NewTest">
        <test-method status="PASS" signature="f()[pri:0, instance:MavenProject.MavenProject.NewTest@58ceff1]" name="f" duration-ms="29486" started-at="2019-03-26T14:46:36Z" finished-at="2019-03-26T14:47:06Z">
          <reporter-output>
          </reporter-output>
        </test-method> <!-- f -->
      </class> <!-- MavenProject.MavenProject.NewTest -->
    </test> <!-- NewTest -->
  </suite> <!-- MavenProject -->
</testng-results>
