<?xml version="1.0" encoding="UTF-8"?>
<testng-results skipped="0" failed="0" total="1" passed="1">
  <reporter-output>
  </reporter-output>
  <suite name="MavenProject" duration-ms="25" started-at="2019-03-26T06:09:06Z" finished-at="2019-03-26T06:09:06Z">
    <groups>
    </groups>
    <test name="NewTest" duration-ms="25" started-at="2019-03-26T06:09:06Z" finished-at="2019-03-26T06:09:06Z">
      <class name="MavenProject.MavenProject.NewTest">
        <test-method status="PASS" signature="f()[pri:0, instance:MavenProject.MavenProject.NewTest@16c0663d]" name="f" duration-ms="10" started-at="2019-03-26T11:39:06Z" finished-at="2019-03-26T11:39:06Z">
          <reporter-output>
          </reporter-output>
        </test-method> <!-- f -->
      </class> <!-- MavenProject.MavenProject.NewTest -->
    </test> <!-- NewTest -->
  </suite> <!-- MavenProject -->
</testng-results>
