<?xml version="1.0" encoding="UTF-8"?>
<testng-results skipped="0" failed="0" total="1" passed="1">
  <reporter-output>
  </reporter-output>
  <suite name="Default suite" duration-ms="53" started-at="2019-03-26T05:42:01Z" finished-at="2019-03-26T05:42:01Z">
    <groups>
    </groups>
    <test name="Default test" duration-ms="53" started-at="2019-03-26T05:42:01Z" finished-at="2019-03-26T05:42:01Z">
      <class name="MavenProject.MavenProject.NewTest">
        <test-method status="PASS" signature="f()[pri:0, instance:MavenProject.MavenProject.NewTest@2cb4c3ab]" name="f" duration-ms="20" started-at="2019-03-26T11:12:01Z" finished-at="2019-03-26T11:12:01Z">
          <reporter-output>
          </reporter-output>
        </test-method> <!-- f -->
      </class> <!-- MavenProject.MavenProject.NewTest -->
    </test> <!-- Default test -->
  </suite> <!-- Default suite -->
</testng-results>
